13:16:37.440 INFO  - Processing command line option -hwspec C:/xup/embedded/labs/lab1/lab1.sdk/SDK/SDK_Export/hw/system.xml. 
13:23:13.086 INFO  - Processor reset is completed for ps7_cortexa9_0 
13:23:13.195 INFO  - PS initialization will be done as it is not done before. 
13:23:13.195 INFO  - Running PS initialization.... 
13:23:13.507 INFO  - ps7_init is completed. 
13:23:13.617 INFO  - PS Initialization is complete. 
13:25:51.725 ERROR - Unexpected error while parsing XMD response ?: com.google.gson.JsonSyntaxException: com.google.gson.stream.MalformedJsonException: invalid number or unquoted string near  
07:35:54.492 INFO  - Processing command line option -hwspec C:/xup/embedded/labs/lab2/lab2.sdk/SDK/SDK_Export/hw/system.xml. 
07:35:54.738 INFO  - The hardware specification for project 'hw_platform_0' is different from C:/xup/embedded/labs/lab2/lab2.sdk/SDK/SDK_Export/hw/system.xml. 
07:35:54.776 INFO  - Copied contents of C:/xup/embedded/labs/lab2/lab2.sdk/SDK/SDK_Export/hw/system.xml into \hw_platform_0\system.xml. 
07:35:54.792 INFO  - Copied contents of C:\xup\embedded\labs\lab2\lab2.sdk\SDK\SDK_Export\hw\system_wrapper.bit into \hw_platform_0\system.bit. 
07:35:54.990 INFO  - Copied contents of C:\xup\embedded\labs\lab2\lab2.sdk\SDK\SDK_Export\hw\ps7_init.c into \hw_platform_0\ps7_init.c. 
07:35:55.004 INFO  - Copied contents of C:\xup\embedded\labs\lab2\lab2.sdk\SDK\SDK_Export\hw\ps7_init.h into \hw_platform_0\ps7_init.h. 
07:35:55.053 INFO  - Copied contents of C:\xup\embedded\labs\lab2\lab2.sdk\SDK\SDK_Export\hw\ps7_init.html into \hw_platform_0\ps7_init.html. 
07:35:55.055 INFO  - Copied contents of C:\xup\embedded\labs\lab2\lab2.sdk\SDK\SDK_Export\hw\ps7_summary.html into \hw_platform_0\ps7_summary.html. 
07:35:55.068 INFO  - Copied contents of C:\xup\embedded\labs\lab2\lab2.sdk\SDK\SDK_Export\hw\ps7_init.tcl into \hw_platform_0\ps7_init.tcl. 
07:35:55.262 INFO  - Synchronizing projects in the workspace with the hardware platform specification changes. 
07:35:56.677 INFO  - Updating MSS for Board Support Package Project: mem_test_bsp.
		 The following new driver assignments were made:
			Peripheral Instance: btns_4bit, driver: gpio_v3_01_a.
			Peripheral Instance: sw_4bit, driver: gpio_v3_01_a.
 
07:36:21.342 INFO  - Updating hardware inferred compiler options for mem_test. 
07:36:21.347 INFO  - Clearing existing target manager status. 
07:36:23.720 INFO  - Closing and re-opening the MSS file of ther project mem_test_bsp 
07:36:25.491 INFO  - Workspace synchronized with the new hardware specification file. Cleaning dependent projects... 
07:54:26.039 INFO  - FPGA configured successfully with bitstream "C:/xup/embedded/labs/lab2/lab2.sdk/SDK/SDK_Export/hw_platform_0/system.bit" 
07:54:55.017 INFO  - Processor reset is completed for ps7_cortexa9_0 
07:54:55.117 INFO  - PS initialization will be done as it is not done before. 
07:54:55.117 INFO  - Running PS initialization.... 
07:54:55.275 INFO  - ps7_init is completed. 
07:54:55.375 INFO  - ps7_post_config is completed. 
07:54:55.475 INFO  - PS Initialization is complete. 
08:04:35.543 ERROR - Unexpected error while parsing XMD response ?: com.google.gson.JsonSyntaxException: com.google.gson.stream.MalformedJsonException: invalid number or unquoted string near  
20:23:30.091 INFO  - Processing command line option -hwspec E:/university/learning/lab4/lab4.sdk/SDK/SDK_Export/hw/system.xml. 
20:23:33.543 INFO  - The hardware specification for project 'hw_platform_0' is different from E:/university/learning/lab4/lab4.sdk/SDK/SDK_Export/hw/system.xml. 
20:23:33.604 INFO  - Copied contents of E:/university/learning/lab4/lab4.sdk/SDK/SDK_Export/hw/system.xml into \hw_platform_0\system.xml. 
20:23:33.617 INFO  - Copied contents of E:\university\learning\lab4\lab4.sdk\SDK\SDK_Export\hw\system_wrapper.bit into \hw_platform_0\system_wrapper.bit. 
20:23:33.619 INFO  - Copied contents of E:\university\learning\lab4\lab4.sdk\SDK\SDK_Export\hw\system_wrapper_bd.bmm into \hw_platform_0\system_bd.bmm. 
20:23:37.975 INFO  - Copied contents of E:\university\learning\lab4\lab4.sdk\SDK\SDK_Export\hw\ps7_init.c into \hw_platform_0\ps7_init.c. 
20:23:37.980 INFO  - Copied contents of E:\university\learning\lab4\lab4.sdk\SDK\SDK_Export\hw\ps7_init.h into \hw_platform_0\ps7_init.h. 
20:23:37.988 INFO  - Copied contents of E:\university\learning\lab4\lab4.sdk\SDK\SDK_Export\hw\ps7_init.html into \hw_platform_0\ps7_init.html. 
20:23:37.990 INFO  - Copied contents of E:\university\learning\lab4\lab4.sdk\SDK\SDK_Export\hw\ps7_summary.html into \hw_platform_0\ps7_summary.html. 
20:23:37.993 INFO  - Copied contents of E:\university\learning\lab4\lab4.sdk\SDK\SDK_Export\hw\ps7_init.tcl into \hw_platform_0\ps7_init.tcl. 
20:23:38.610 INFO  - Synchronizing projects in the workspace with the hardware platform specification changes. 
20:23:41.708 ERROR - Exception while attemping to 'diff' files E:\university\learning\lab4\lab4.sdk\SDK\SDK_Export\hw_platform_0\system_wrapper_bd.bmm and E:\university\learning\lab4\lab4.sdk\SDK\SDK_Export\hw\system_wrapper_bd.bmm. 
20:23:41.709 INFO  - Updating .bit and .bmm files from XPS's export folder. 
20:23:48.293 INFO  - Updating MSS for Board Support Package Project: standalone_bsp_0.
		 The following new driver assignments were made:
			Peripheral Instance: axi_bram_ctrl_0, driver: bram_v3_03_a.
			Peripheral Instance: led_ip_0, driver: generic_v1_00_a.
 
20:24:24.048 INFO  - Copied contents of E:\university\learning\lab4\lab4.sdk\SDK\SDK_Export\hw\system_wrapper.bit into \hw_platform_0\system_wrapper.bit. 
20:24:24.056 INFO  - Copied contents of E:\university\learning\lab4\lab4.sdk\SDK\SDK_Export\hw\system_wrapper_bd.bmm into \hw_platform_0\system_wrapper_bd.bmm. 
20:24:24.867 INFO  - Updating hardware inferred compiler options for TestApp. 
20:24:24.887 INFO  - Clearing existing target manager status. 
20:24:32.179 ERROR - Unexpected error while obtaining referenced S/W project {} org.eclipse.core.internal.resources.ResourceException: Resource '/mem_test' is not open.
	at org.eclipse.core.internal.resources.Project.checkAccessible(Project.java:150)
	at org.eclipse.core.internal.resources.Project.getReferencedProjects(Project.java:521)

20:24:32.180 ERROR - Unexpected error while obtaining referenced S/W project {} org.eclipse.core.internal.resources.ResourceException: Resource '/mem_test_bsp' is not open.
	at org.eclipse.core.internal.resources.Project.checkAccessible(Project.java:150)
	at org.eclipse.core.internal.resources.Project.getReferencedProjects(Project.java:521)

20:45:42.657 INFO  - Saving repository preferences. 
20:45:42.660 INFO  - Reading in cores from local repositories: 
		 E:\university\learning\led_ip\managed_ip_project\led_ip_1.0 
20:45:42.667 INFO  - Updating libgen.options on all BSP projects. 
20:45:42.671 INFO  - Cleaning BSP projects in the workspace. 
20:49:27.896 INFO  - Settings changed on project standalone_bsp_0. Triggering a rebuild... 
20:49:29.591 INFO  - Refreshed build settings on project lab4 
22:50:11.125 ERROR - Unexpected error while parsing XMD response ?: com.google.gson.JsonSyntaxException: com.google.gson.stream.MalformedJsonException: invalid number or unquoted string near  
10:19:28.707 INFO  - Processing command line option -hwspec E:/university/learning/lab4/lab4.sdk/SDK/SDK_Export/hw/system.xml. 
10:22:08.621 INFO  - FPGA configured successfully with bitstream "E:/university/learning/lab4/lab4.sdk/SDK/SDK_Export/hw_platform_0/system_wrapper.bit" 
10:23:27.175 ERROR - Unexpected error while launching program. java.lang.RuntimeException: The program file specified in the launch configuration does not exist
	at com.xilinx.sdk.debug.core.XilinxAppLaunchConfigurationDelegate.runApplication(Unknown Source)
	at com.xilinx.sdk.debug.core.XilinxAppLaunchConfigurationDelegate.launch(Unknown Source)

10:24:21.836 INFO  - Restoring local repository preferences: 
		 E:\university\learning\led_ip\managed_ip_project\led_ip_1.0 
10:24:48.129 INFO  - FPGA configured successfully with bitstream "E:/university/learning/lab4/lab4.sdk/SDK/SDK_Export/hw_platform_0/system_wrapper.bit" 
10:26:16.653 INFO  - FPGA configured successfully with bitstream "E:/university/learning/lab4/lab4.sdk/SDK/SDK_Export/hw_platform_0/system_wrapper.bit" 
10:26:48.443 INFO  - FPGA configured successfully with bitstream "E:/university/learning/lab4/lab4.sdk/SDK/SDK_Export/hw_platform_0/system_wrapper.bit" 
10:28:05.885 INFO  - FPGA configured successfully with bitstream "E:/university/learning/lab4/lab4.sdk/SDK/SDK_Export/hw_platform_0/system_wrapper.bit" 
10:31:19.520 INFO  - FPGA configured successfully with bitstream "E:/university/learning/lab4/lab4.sdk/SDK/SDK_Export/hw_platform_0/system_wrapper.bit" 
10:31:43.931 INFO  - Processor reset is completed for ps7_cortexa9_0 
10:31:44.031 INFO  - PS initialization will be done as it is not done before. 
10:31:44.031 INFO  - Running PS initialization.... 
10:31:44.501 INFO  - ps7_init is completed. 
10:31:44.601 INFO  - ps7_post_config is completed. 
10:31:44.701 INFO  - PS Initialization is complete. 
10:34:35.850 INFO  - Successfully generated E:\university\learning\lab4\lab4.sdk\SDK\SDK_Export\lab4\src\lscript.ld. 
10:34:35.852 INFO  - Applying linker script to all configurations of project lab4. 
10:34:35.853 INFO  - Setting rebuild state to true for all configurations of project lab4. 
10:38:58.043 INFO  - Successfully generated E:\university\learning\lab4\lab4.sdk\SDK\SDK_Export\lab4\src\lscript.ld. 
10:38:58.044 INFO  - Applying linker script to all configurations of project lab4. 
10:38:58.044 INFO  - Setting rebuild state to true for all configurations of project lab4. 
10:39:41.232 ERROR - Checking FPGA configuration failed..Connection to Board Failed


    Failed to Open JTAG Cable
    Cable target is not connected to the host
 
10:42:39.615 INFO  - Processor reset is completed for ps7_cortexa9_0 
10:42:39.715 INFO  - PS initialization will be done as it is not done before. 
10:42:39.715 INFO  - Running PS initialization.... 
10:42:40.020 INFO  - ps7_init is completed. 
10:42:40.120 INFO  - ps7_post_config is completed. 
10:42:40.220 INFO  - PS Initialization is complete. 
10:43:36.139 INFO  - Processor reset is completed for ps7_cortexa9_0 
10:43:36.345 INFO  - PS initialization will be done as it is not done before. 
10:43:36.346 INFO  - Running PS initialization.... 
10:43:36.902 INFO  - ps7_init is completed. 
10:43:37.004 INFO  - ps7_post_config is completed. 
10:43:37.292 INFO  - PS Initialization is complete. 
10:45:23.449 ERROR - Checking FPGA configuration failed..Connection to Board Failed

Failed to Scan JTAG Chain
    Unknown Error
 
10:46:04.068 INFO  - Processor reset is completed for ps7_cortexa9_0 
10:46:04.168 INFO  - PS initialization will be done as it is not done before. 
10:46:04.168 INFO  - Running PS initialization.... 
10:46:04.469 INFO  - ps7_init is completed. 
10:46:04.569 INFO  - ps7_post_config is completed. 
10:46:04.669 INFO  - PS Initialization is complete. 
10:46:06.646 ERROR - Unexpected error while launching program. java.lang.RuntimeException: Failed to download ELF file


    AP transaction error (DP CTRL_STAT=0xf0000021)
    Error Address = 0x00100000, Size = 0x00000004


	at com.xilinx.sdk.targetmanager.internal.TM.downloadELF(Unknown Source)
	at com.xilinx.sdk.debug.core.internal.AppRunner.run(Unknown Source)

10:46:44.373 INFO  - Processor reset is completed for ps7_cortexa9_0 
10:48:21.917 ERROR - Checking FPGA configuration failed..Connection to Board Failed

Failed to Scan JTAG Chain
    Unknown Error
 
10:48:32.451 ERROR - Unexpected error while parsing XMD response ?: com.google.gson.JsonSyntaxException: com.google.gson.stream.MalformedJsonException: invalid number or unquoted string near  
