#-----------------------------------------------------------
# Vivado v2014.2 (64-bit)
# SW Build 932637 on Wed Jun 11 13:30:22 MDT 2014
# IP Build 924643 on Fri May 30 09:20:16 MDT 2014
# Start of session at: Thu Mar 26 15:43:57 2015
# Process ID: 6980
# Log file: E:/class/Project/Lab1/Lab1.sdk/webtalk/vivado.log
# Journal file: E:/class/Project/Lab1/Lab1.sdk/webtalk\vivado.jou
#-----------------------------------------------------------
source sdk.tcl
# webtalk_init -webtalk_dir E:\\class\\Project\\Lab1\\Lab1.sdk\\webtalk
# webtalk_register_client -client project
# webtalk_add_data -client project -key date_generated -value "星期四 三月 26 15:43:55 2015" -context "software_version_and_target_device"
# webtalk_add_data -client project -key product_version -value "SDK v2014.2" -context "software_version_and_target_device"
# webtalk_add_data -client project -key build_version -value "2014.2" -context "software_version_and_target_device"
# webtalk_add_data -client project -key os_platform -value "amd64" -context "software_version_and_target_device"
# webtalk_add_data -client project -key registration_id -value "" -context "software_version_and_target_device"
# webtalk_add_data -client project -key tool_flow -value "SDK" -context "software_version_and_target_device"
# webtalk_add_data -client project -key beta -value "false" -context "software_version_and_target_device"
# webtalk_add_data -client project -key route_design -value "NA" -context "software_version_and_target_device"
# webtalk_add_data -client project -key target_family -value "NA" -context "software_version_and_target_device"
# webtalk_add_data -client project -key target_device -value "NA" -context "software_version_and_target_device"
# webtalk_add_data -client project -key target_package -value "NA" -context "software_version_and_target_device"
# webtalk_add_data -client project -key target_speed -value "NA" -context "software_version_and_target_device"
# webtalk_add_data -client project -key random_id -value "k9os1nhr32dbcand3aie0advfh" -context "software_version_and_target_device"
# webtalk_add_data -client project -key project_id -value "2014.2_6" -context "software_version_and_target_device"
# webtalk_add_data -client project -key project_iteration -value "6" -context "software_version_and_target_device"
# webtalk_add_data -client project -key os_name -value "Microsoft Windows 7 , 64-bit" -context "user_environment"
# webtalk_add_data -client project -key os_release -value "Service Pack 1  (build 7601)" -context "user_environment"
# webtalk_add_data -client project -key cpu_name -value "AMD A6-3430MX APU with Radeon(tm) HD Graphics" -context "user_environment"
# webtalk_add_data -client project -key cpu_speed -value "1696 MHz" -context "user_environment"
# webtalk_add_data -client project -key total_processors -value "1" -context "user_environment"
# webtalk_add_data -client project -key system_ram -value "5.000 GB" -context "user_environment"
# webtalk_register_client -client sdk
# webtalk_add_data -client sdk -key uid -value "1427352525577" -context "sdk\\\\bsp/1427352525577"
# webtalk_add_data -client sdk -key hwid -value "1427169368194" -context "sdk\\\\bsp/1427352525577"
# webtalk_add_data -client sdk -key os -value "standalone" -context "sdk\\\\bsp/1427352525577"
# webtalk_add_data -client sdk -key apptemplate -value "memory_tests" -context "sdk\\\\bsp/1427352525577"
# webtalk_add_data -client sdk -key uid -value "1427352534469" -context "sdk\\\\application/1427352534469"
# webtalk_add_data -client sdk -key hwid -value "1427169368194" -context "sdk\\\\application/1427352534469"
# webtalk_add_data -client sdk -key bspid -value "1427352525577" -context "sdk\\\\application/1427352534469"
# webtalk_add_data -client sdk -key newbsp -value "true" -context "sdk\\\\application/1427352534469"
# webtalk_add_data -client sdk -key os -value "standalone" -context "sdk\\\\application/1427352534469"
# webtalk_add_data -client sdk -key apptemplate -value "memory_tests" -context "sdk\\\\application/1427352534469"
# webtalk_transmit -clientid 799008078 -regid "" -xml E:\\class\\Project\\Lab1\\Lab1.sdk\\webtalk\\usage_statistics_ext_sdk.xml -html E:\\class\\Project\\Lab1\\Lab1.sdk\\webtalk\\usage_statistics_ext_sdk.html -wdm E:\\class\\Project\\Lab1\\Lab1.sdk\\webtalk\\sdk.wdm -intro "<H3>SDK Usage Report</H3><BR>"

    while executing
"webtalk_transmit -clientid 799008078 -regid "" -xml E:\\class\\Project\\Lab1\\Lab1.sdk\\webtalk\\usage_statistics_ext_sdk.xml -html E:\\class\\Project..."
    (file "sdk.tcl" line 35)
INFO: [Common 17-206] Exiting Vivado at Thu Mar 26 15:44:01 2015...
