
*** Running vivado
    with args -log system_wrapper.rdi -applog -m64 -messageDb vivado.pb -mode batch -source system_wrapper.tcl -notrace


****** Vivado v2013.4 (64-bit)
  **** SW Build 353583 on Mon Dec  9 17:49:19 MST 2013
  **** IP Build 208076 on Mon Dec  2 12:38:17 MST 2013
    ** Copyright 1986-1999, 2001-2013 Xilinx, Inc. All Rights Reserved.

Attempting to get a license: Implementation
Feature available: Implementation
Loading parts and site information from C:/Xilinx/Vivado/2013.4/data/parts/arch.xml
Parsing RTL primitives file [C:/Xilinx/Vivado/2013.4/data/parts/xilinx/rtl/prims/rtl_prims.xml]
Finished parsing RTL primitives file [C:/Xilinx/Vivado/2013.4/data/parts/xilinx/rtl/prims/rtl_prims.xml]
source system_wrapper.tcl -notrace
Design is defaulting to srcset: sources_1
Design is defaulting to constrset: constrs_1
INFO: [Netlist 29-17] Analyzing 8 Unisim elements for replacement
INFO: [Netlist 29-28] Unisim Transformation completed in 0 CPU seconds
INFO: [Project 1-479] Netlist was created with Vivado 2013.4
Loading clock regions from C:/Xilinx/Vivado/2013.4/data\parts/xilinx/zynq/zynq/xc7z010/ClockRegion.xml
Loading clock buffers from C:/Xilinx/Vivado/2013.4/data\parts/xilinx/zynq/zynq/xc7z010/ClockBuffers.xml
Loading clock placement rules from C:/Xilinx/Vivado/2013.4/data/parts/xilinx/zynq/ClockPlacerRules.xml
Loading package pin functions from C:/Xilinx/Vivado/2013.4/data\parts/xilinx/zynq/PinFunctions.xml...
Loading package from C:/Xilinx/Vivado/2013.4/data\parts/xilinx/zynq/zynq/xc7z010/clg400/Package.xml
Loading io standards from C:/Xilinx/Vivado/2013.4/data\./parts/xilinx/zynq/IOStandards.xml
INFO: [Opt 31-140] Inserted 0 IBUFs to IO ports without IO buffers.
INFO: [Opt 31-141] Inserted 0 OBUFs to IO ports without IO buffers.
Parsing XDC File [c:/xup/embedded/labs/lab2/lab2.srcs/sources_1/bd/system/ip/system_processing_system7_0_0/system_processing_system7_0_0.xdc] for cell 'system_i/processing_system7_0/U0'
Finished Parsing XDC File [c:/xup/embedded/labs/lab2/lab2.srcs/sources_1/bd/system/ip/system_processing_system7_0_0/system_processing_system7_0_0.xdc] for cell 'system_i/processing_system7_0/U0'
Parsing XDC File [c:/xup/embedded/labs/lab2/lab2.srcs/sources_1/bd/system/ip/system_axi_gpio_0_0/system_axi_gpio_0_0.xdc] for cell 'system_i/sw_4bit/U0'
Finished Parsing XDC File [c:/xup/embedded/labs/lab2/lab2.srcs/sources_1/bd/system/ip/system_axi_gpio_0_0/system_axi_gpio_0_0.xdc] for cell 'system_i/sw_4bit/U0'
Parsing XDC File [c:/xup/embedded/labs/lab2/lab2.srcs/sources_1/bd/system/ip/system_axi_gpio_0_0/system_axi_gpio_0_0_board.xdc] for cell 'system_i/sw_4bit/U0'
Finished Parsing XDC File [c:/xup/embedded/labs/lab2/lab2.srcs/sources_1/bd/system/ip/system_axi_gpio_0_0/system_axi_gpio_0_0_board.xdc] for cell 'system_i/sw_4bit/U0'
Parsing XDC File [c:/xup/embedded/labs/lab2/lab2.srcs/sources_1/bd/system/ip/system_rst_processing_system7_0_100M_0/system_rst_processing_system7_0_100M_0.xdc] for cell 'system_i/rst_processing_system7_0_100M/U0'
Finished Parsing XDC File [c:/xup/embedded/labs/lab2/lab2.srcs/sources_1/bd/system/ip/system_rst_processing_system7_0_100M_0/system_rst_processing_system7_0_100M_0.xdc] for cell 'system_i/rst_processing_system7_0_100M/U0'
Parsing XDC File [c:/xup/embedded/labs/lab2/lab2.srcs/sources_1/bd/system/ip/system_rst_processing_system7_0_100M_0/system_rst_processing_system7_0_100M_0_board.xdc] for cell 'system_i/rst_processing_system7_0_100M/U0'
Finished Parsing XDC File [c:/xup/embedded/labs/lab2/lab2.srcs/sources_1/bd/system/ip/system_rst_processing_system7_0_100M_0/system_rst_processing_system7_0_100M_0_board.xdc] for cell 'system_i/rst_processing_system7_0_100M/U0'
Parsing XDC File [c:/xup/embedded/labs/lab2/lab2.srcs/sources_1/bd/system/ip/system_axi_gpio_0_1/system_axi_gpio_0_1.xdc] for cell 'system_i/btns_4bit/U0'
Finished Parsing XDC File [c:/xup/embedded/labs/lab2/lab2.srcs/sources_1/bd/system/ip/system_axi_gpio_0_1/system_axi_gpio_0_1.xdc] for cell 'system_i/btns_4bit/U0'
Parsing XDC File [c:/xup/embedded/labs/lab2/lab2.srcs/sources_1/bd/system/ip/system_axi_gpio_0_1/system_axi_gpio_0_1_board.xdc] for cell 'system_i/btns_4bit/U0'
Finished Parsing XDC File [c:/xup/embedded/labs/lab2/lab2.srcs/sources_1/bd/system/ip/system_axi_gpio_0_1/system_axi_gpio_0_1_board.xdc] for cell 'system_i/btns_4bit/U0'
Parsing XDC File [C:/xup/embedded/labs/lab2/lab2.srcs/constrs_1/imports/lab2/lab2.xdc]
Finished Parsing XDC File [C:/xup/embedded/labs/lab2/lab2.srcs/constrs_1/imports/lab2/lab2.xdc]
Parsing XDC File [C:/xup/embedded/labs/lab2/lab2.runs/impl_1/.Xil/Vivado-9792-/dcp/system_wrapper.xdc]
Finished Parsing XDC File [C:/xup/embedded/labs/lab2/lab2.runs/impl_1/.Xil/Vivado-9792-/dcp/system_wrapper.xdc]
INFO: [Opt 31-138] Pushed 0 inverter(s).
INFO: [Memdata 28-144] Successfully populated the BRAM INIT strings from the following elf files: 
INFO: [Project 1-111] Unisim Transformation Summary:
No Unisim elements were transformed.

link_design: Time (s): cpu = 00:00:24 ; elapsed = 00:00:25 . Memory (MB): peak = 842.895 ; gain = 657.574
Command: opt_design
Attempting to get a license for feature 'Implementation' and/or device 'xc7z010'
INFO: [Common 17-349] Got license for feature 'Implementation' and/or device 'xc7z010'
Running DRC as a precondition to command opt_design

Starting DRC Task
INFO: [Drc 23-27] Running DRC with 2 threads
INFO: [Project 1-461] DRC finished with 0 Errors
INFO: [Project 1-462] Please refer to the DRC report (report_drc) for more information.

Time (s): cpu = 00:00:00 ; elapsed = 00:00:00.118 . Memory (MB): peak = 845.918 ; gain = 3.023

Starting Logic Optimization Task
INFO: [Timing 38-35] Done setting XDC timing constraints.

Phase 1 Retarget

INFO: [Opt 31-138] Pushed 0 inverter(s).
INFO: [Opt 31-49] Retargeted 0 cell(s).
Phase 1 Retarget | Checksum: 15a876137

Time (s): cpu = 00:00:01 ; elapsed = 00:00:00.296 . Memory (MB): peak = 850.758 ; gain = 4.840

Phase 2 Constant Propagation
INFO: [Opt 31-138] Pushed 0 inverter(s).
INFO: [Opt 31-10] Eliminated 152 cells.
Phase 2 Constant Propagation | Checksum: 1cc1a67d0

Time (s): cpu = 00:00:01 ; elapsed = 00:00:00.697 . Memory (MB): peak = 850.758 ; gain = 4.840

Phase 3 Sweep
INFO: [Opt 31-12] Eliminated 193 unconnected nets.
INFO: [Opt 31-11] Eliminated 198 unconnected cells.
Phase 3 Sweep | Checksum: 22563a72a

Time (s): cpu = 00:00:02 ; elapsed = 00:00:01 . Memory (MB): peak = 850.758 ; gain = 4.840
Ending Logic Optimization Task | Checksum: 22563a72a

Time (s): cpu = 00:00:00 ; elapsed = 00:00:01 . Memory (MB): peak = 850.758 ; gain = 4.840
Implement Debug Cores | Checksum: 15a876137
Logic Optimization | Checksum: 15a876137

Starting Power Optimization Task
Ending Power Optimization Task | Checksum: 22563a72a

Time (s): cpu = 00:00:00 ; elapsed = 00:00:00.007 . Memory (MB): peak = 850.758 ; gain = 0.000
INFO: [Common 17-83] Releasing license: Implementation
20 Infos, 0 Warnings, 0 Critical Warnings and 0 Errors encountered.
opt_design completed successfully
INFO: [Timing 38-35] Done setting XDC timing constraints.
Writing XDEF routing.
Writing XDEF routing logical nets.
Writing XDEF routing special nets.
Write XDEF Complete: Time (s): cpu = 00:00:00 ; elapsed = 00:00:00.184 . Memory (MB): peak = 852.848 ; gain = 0.035
Command: place_design
Attempting to get a license for feature 'Implementation' and/or device 'xc7z010'
INFO: [Common 17-349] Got license for feature 'Implementation' and/or device 'xc7z010'
Running DRC as a precondition to command place_design
INFO: [Drc 23-27] Running DRC with 2 threads
INFO: [Vivado_Tcl 4-198] DRC finished with 0 Errors
INFO: [Vivado_Tcl 4-199] Please refer to the DRC report (report_drc) for more information.

Starting Placer Task
INFO: [Place 30-611] Multithreading enabled for place_design using a maximum of 2 CPUs

Phase 1 Placer Initialization

Phase 1.1 Placer Initialization Core
Netlist sorting complete. Time (s): cpu = 00:00:00 ; elapsed = 00:00:00.007 . Memory (MB): peak = 854.109 ; gain = 0.000

Phase 1.1.1 Mandatory Logic Optimization
INFO: [Opt 31-140] Inserted 0 IBUFs to IO ports without IO buffers.
INFO: [Opt 31-141] Inserted 0 OBUFs to IO ports without IO buffers.
INFO: [Opt 31-138] Pushed 0 inverter(s).
Netlist sorting complete. Time (s): cpu = 00:00:00 ; elapsed = 00:00:00.007 . Memory (MB): peak = 854.109 ; gain = 0.000
Phase 1.1.1 Mandatory Logic Optimization | Checksum: a73d1295

Time (s): cpu = 00:00:00 ; elapsed = 00:00:00.083 . Memory (MB): peak = 854.109 ; gain = 0.000

Phase 1.1.2 Build Super Logic Region (SLR) Database
Phase 1.1.2 Build Super Logic Region (SLR) Database | Checksum: a73d1295

Time (s): cpu = 00:00:00 ; elapsed = 00:00:00.092 . Memory (MB): peak = 854.109 ; gain = 0.000

Phase 1.1.3 Add Constraints
Phase 1.1.3 Add Constraints | Checksum: a73d1295

Time (s): cpu = 00:00:00 ; elapsed = 00:00:00.093 . Memory (MB): peak = 854.109 ; gain = 0.000

Phase 1.1.4 Build Macros
Phase 1.1.4 Build Macros | Checksum: 1a05443c8

Time (s): cpu = 00:00:01 ; elapsed = 00:00:00.343 . Memory (MB): peak = 854.109 ; gain = 0.000

Phase 1.1.5 Implementation Feasibility check
Phase 1.1.5 Implementation Feasibility check | Checksum: 1a05443c8

Time (s): cpu = 00:00:01 ; elapsed = 00:00:00.474 . Memory (MB): peak = 854.109 ; gain = 0.000

Phase 1.1.6 Pre-Place Cells
Phase 1.1.6 Pre-Place Cells | Checksum: 1a05443c8

Time (s): cpu = 00:00:01 ; elapsed = 00:00:00.481 . Memory (MB): peak = 854.109 ; gain = 0.000

Phase 1.1.7 IO Placement/ Clock Placement/ Build Placer Device
Phase 1.1.7 IO Placement/ Clock Placement/ Build Placer Device | Checksum: 2765c0396

Time (s): cpu = 00:00:01 ; elapsed = 00:00:01 . Memory (MB): peak = 855.090 ; gain = 0.980

Phase 1.1.8 Build Placer Netlist Model

Phase 1.1.8.1 Place Init Design

Phase 1.1.8.1.1 Build Clock Data
Phase 1.1.8.1.1 Build Clock Data | Checksum: 3381c6f58

Time (s): cpu = 00:00:02 ; elapsed = 00:00:02 . Memory (MB): peak = 855.938 ; gain = 1.828
Phase 1.1.8.1 Place Init Design | Checksum: 3210a8485

Time (s): cpu = 00:00:02 ; elapsed = 00:00:02 . Memory (MB): peak = 856.102 ; gain = 1.992
Phase 1.1.8 Build Placer Netlist Model | Checksum: 3210a8485

Time (s): cpu = 00:00:02 ; elapsed = 00:00:02 . Memory (MB): peak = 856.102 ; gain = 1.992

Phase 1.1.9 Constrain Clocks/Macros

Phase 1.1.9.1 Constrain Global/Regional Clocks
Phase 1.1.9.1 Constrain Global/Regional Clocks | Checksum: 3210a8485

Time (s): cpu = 00:00:02 ; elapsed = 00:00:02 . Memory (MB): peak = 856.102 ; gain = 1.992
Phase 1.1.9 Constrain Clocks/Macros | Checksum: 3210a8485

Time (s): cpu = 00:00:02 ; elapsed = 00:00:02 . Memory (MB): peak = 856.102 ; gain = 1.992
Phase 1.1 Placer Initialization Core | Checksum: 3210a8485

Time (s): cpu = 00:00:02 ; elapsed = 00:00:02 . Memory (MB): peak = 856.102 ; gain = 1.992
Phase 1 Placer Initialization | Checksum: 3210a8485

Time (s): cpu = 00:00:02 ; elapsed = 00:00:02 . Memory (MB): peak = 856.102 ; gain = 1.992

Phase 2 Global Placement

Phase 2.1 Run Budgeter
Phase 2.1 Run Budgeter | Checksum: 32b6c40c8

Time (s): cpu = 00:00:03 ; elapsed = 00:00:02 . Memory (MB): peak = 858.883 ; gain = 4.773
Phase 2 Global Placement | Checksum: 32ef7993d

Time (s): cpu = 00:00:05 ; elapsed = 00:00:04 . Memory (MB): peak = 859.234 ; gain = 5.125

Phase 3 Detail Placement

Phase 3.1 Commit Multi Column Macros
Phase 3.1 Commit Multi Column Macros | Checksum: 32ef7993d

Time (s): cpu = 00:00:05 ; elapsed = 00:00:04 . Memory (MB): peak = 859.234 ; gain = 5.125

Phase 3.2 Commit Most Macros & LUTRAMs
Phase 3.2 Commit Most Macros & LUTRAMs | Checksum: 24d575e42

Time (s): cpu = 00:00:05 ; elapsed = 00:00:04 . Memory (MB): peak = 868.727 ; gain = 14.617

Phase 3.3 Area Swap Optimization
Phase 3.3 Area Swap Optimization | Checksum: 28d32f8e3

Time (s): cpu = 00:00:05 ; elapsed = 00:00:04 . Memory (MB): peak = 868.727 ; gain = 14.617

Phase 3.4 Timing Path Optimizer
Phase 3.4 Timing Path Optimizer | Checksum: 263c701f6

Time (s): cpu = 00:00:05 ; elapsed = 00:00:04 . Memory (MB): peak = 868.727 ; gain = 14.617

Phase 3.5 Commit Small Macros & Core Logic
Phase 3.5 Commit Small Macros & Core Logic | Checksum: 269c888a2

Time (s): cpu = 00:00:06 ; elapsed = 00:00:05 . Memory (MB): peak = 869.254 ; gain = 15.145

Phase 3.6 Re-assign LUT pins
Phase 3.6 Re-assign LUT pins | Checksum: 269c888a2

Time (s): cpu = 00:00:06 ; elapsed = 00:00:05 . Memory (MB): peak = 869.254 ; gain = 15.145
Phase 3 Detail Placement | Checksum: 269c888a2

Time (s): cpu = 00:00:06 ; elapsed = 00:00:05 . Memory (MB): peak = 869.254 ; gain = 15.145

Phase 4 Post Placement Optimization and Clean-Up

Phase 4.1 PCOPT Shape updates
Phase 4.1 PCOPT Shape updates | Checksum: 1de5cb887

Time (s): cpu = 00:00:06 ; elapsed = 00:00:05 . Memory (MB): peak = 869.254 ; gain = 15.145

Phase 4.2 Post Placement Optimization

Phase 4.2.1 Post Placement Timing Optimization
Phase 4.2.1 Post Placement Timing Optimization | Checksum: 22a379e46

Time (s): cpu = 00:00:06 ; elapsed = 00:00:05 . Memory (MB): peak = 869.504 ; gain = 15.395
Phase 4.2 Post Placement Optimization | Checksum: 22a379e46

Time (s): cpu = 00:00:06 ; elapsed = 00:00:05 . Memory (MB): peak = 869.504 ; gain = 15.395

Phase 4.3 Post Placement Cleanup
Phase 4.3 Post Placement Cleanup | Checksum: 22a379e46

Time (s): cpu = 00:00:06 ; elapsed = 00:00:05 . Memory (MB): peak = 869.504 ; gain = 15.395

Phase 4.4 Placer Reporting

Phase 4.4.1 Congestion Reporting
Phase 4.4.1 Congestion Reporting | Checksum: 22a379e46

Time (s): cpu = 00:00:06 ; elapsed = 00:00:05 . Memory (MB): peak = 869.504 ; gain = 15.395

Phase 4.4.2 updateTiming final
Phase 4.4.2 updateTiming final | Checksum: 251f9ab1d

Time (s): cpu = 00:00:07 ; elapsed = 00:00:05 . Memory (MB): peak = 870.672 ; gain = 16.563

Phase 4.4.3 Dump Critical Paths 
Phase 4.4.3 Dump Critical Paths  | Checksum: 251f9ab1d

Time (s): cpu = 00:00:07 ; elapsed = 00:00:05 . Memory (MB): peak = 870.672 ; gain = 16.563

Phase 4.4.4 Restore STA
Phase 4.4.4 Restore STA | Checksum: 251f9ab1d

Time (s): cpu = 00:00:07 ; elapsed = 00:00:05 . Memory (MB): peak = 870.672 ; gain = 16.563

Phase 4.4.5 Print Final WNS
INFO: [Place 30-100] Post Placement Timing Summary | WNS=3.717  | TNS=0.000  |

Phase 4.4.5 Print Final WNS | Checksum: 251f9ab1d

Time (s): cpu = 00:00:07 ; elapsed = 00:00:06 . Memory (MB): peak = 870.672 ; gain = 16.563
Phase 4.4 Placer Reporting | Checksum: 251f9ab1d

Time (s): cpu = 00:00:07 ; elapsed = 00:00:06 . Memory (MB): peak = 870.672 ; gain = 16.563

Phase 4.5 Final Placement Cleanup
Phase 4.5 Final Placement Cleanup | Checksum: 23b6bc341

Time (s): cpu = 00:00:07 ; elapsed = 00:00:06 . Memory (MB): peak = 870.672 ; gain = 16.563
Phase 4 Post Placement Optimization and Clean-Up | Checksum: 23b6bc341

Time (s): cpu = 00:00:07 ; elapsed = 00:00:06 . Memory (MB): peak = 870.672 ; gain = 16.563
Ending Placer Task | Checksum: 19bd5c7ce

Time (s): cpu = 00:00:00 ; elapsed = 00:00:06 . Memory (MB): peak = 870.672 ; gain = 16.563
INFO: [Common 17-83] Releasing license: Implementation
31 Infos, 0 Warnings, 0 Critical Warnings and 0 Errors encountered.
place_design completed successfully
place_design: Time (s): cpu = 00:00:07 ; elapsed = 00:00:06 . Memory (MB): peak = 870.672 ; gain = 17.824
INFO: [Timing 38-163] DEBUG : Generate clock report | CPU: 1 secs 

report_utilization: Time (s): cpu = 00:00:00 ; elapsed = 00:00:00.075 . Memory (MB): peak = 878.391 ; gain = 0.000
INFO: [Designutils 20-134] DEBUG : Generate Control Sets report | CPU: 0 secs 
Writing XDEF routing.
Writing XDEF routing logical nets.
Writing XDEF routing special nets.
Write XDEF Complete: Time (s): cpu = 00:00:00 ; elapsed = 00:00:00.285 . Memory (MB): peak = 878.391 ; gain = 0.000
Command: route_design
Attempting to get a license for feature 'Implementation' and/or device 'xc7z010'
INFO: [Common 17-349] Got license for feature 'Implementation' and/or device 'xc7z010'
Running DRC as a precondition to command route_design
INFO: [Drc 23-27] Running DRC with 2 threads
INFO: [Vivado_Tcl 4-198] DRC finished with 0 Errors
INFO: [Vivado_Tcl 4-199] Please refer to the DRC report (report_drc) for more information.


Starting Routing Task
INFO: [Route 35-254] Multithreading enabled for route_design using a maximum of 2 CPUs

Starting Route Task

Phase 1 Build RT Design

Phase 1.1 Build Netlist & NodeGraph
Phase 1.1 Build Netlist & NodeGraph | Checksum: 19bd5c7ce

Time (s): cpu = 00:00:30 ; elapsed = 00:00:14 . Memory (MB): peak = 963.379 ; gain = 80.777
Phase 1 Build RT Design | Checksum: 18559ce7e

Time (s): cpu = 00:00:30 ; elapsed = 00:00:14 . Memory (MB): peak = 963.379 ; gain = 80.777

Phase 2 Router Initialization

Phase 2.1 Create Timer
Phase 2.1 Create Timer | Checksum: 18559ce7e

Time (s): cpu = 00:00:30 ; elapsed = 00:00:14 . Memory (MB): peak = 963.379 ; gain = 80.777

Phase 2.2 Restore Routing
Phase 2.2 Restore Routing | Checksum: 18559ce7e

Time (s): cpu = 00:00:30 ; elapsed = 00:00:14 . Memory (MB): peak = 967.469 ; gain = 84.867

Phase 2.3 Special Net Routing
 Number of Nodes with overlaps = 0
Phase 2.3 Special Net Routing | Checksum: c88d9148

Time (s): cpu = 00:00:31 ; elapsed = 00:00:15 . Memory (MB): peak = 973.691 ; gain = 91.090

Phase 2.4 Local Clock Net Routing
Phase 2.4 Local Clock Net Routing | Checksum: c88d9148

Time (s): cpu = 00:00:31 ; elapsed = 00:00:15 . Memory (MB): peak = 973.691 ; gain = 91.090

Phase 2.5 Update Timing

Phase 2.5.1 Update timing with NCN CRPR

Phase 2.5.1.1 Hold Budgeting
Phase 2.5.1.1 Hold Budgeting | Checksum: c88d9148

Time (s): cpu = 00:00:31 ; elapsed = 00:00:15 . Memory (MB): peak = 973.691 ; gain = 91.090
Phase 2.5.1 Update timing with NCN CRPR | Checksum: c88d9148

Time (s): cpu = 00:00:31 ; elapsed = 00:00:15 . Memory (MB): peak = 973.691 ; gain = 91.090
Phase 2.5 Update Timing | Checksum: c88d9148

Time (s): cpu = 00:00:31 ; elapsed = 00:00:15 . Memory (MB): peak = 973.691 ; gain = 91.090
INFO: [Route 35-57] Estimated Timing Summary | WNS=3.77   | TNS=0      | WHS=-0.188 | THS=-17.7  |


Phase 2.6 Budgeting
Phase 2.6 Budgeting | Checksum: c88d9148

Time (s): cpu = 00:00:32 ; elapsed = 00:00:15 . Memory (MB): peak = 973.691 ; gain = 91.090
Phase 2 Router Initialization | Checksum: c88d9148

Time (s): cpu = 00:00:32 ; elapsed = 00:00:15 . Memory (MB): peak = 973.691 ; gain = 91.090

Phase 3 Initial Routing
Phase 3 Initial Routing | Checksum: 146a9424b

Time (s): cpu = 00:00:32 ; elapsed = 00:00:15 . Memory (MB): peak = 973.691 ; gain = 91.090

Phase 4 Rip-up And Reroute

Phase 4.1 Global Iteration 0

Phase 4.1.1 Remove Overlaps
 Number of Nodes with overlaps = 63
 Number of Nodes with overlaps = 0
Phase 4.1.1 Remove Overlaps | Checksum: f944fd62

Time (s): cpu = 00:00:32 ; elapsed = 00:00:16 . Memory (MB): peak = 973.691 ; gain = 91.090

Phase 4.1.2 Update Timing
Phase 4.1.2 Update Timing | Checksum: f944fd62

Time (s): cpu = 00:00:32 ; elapsed = 00:00:16 . Memory (MB): peak = 973.691 ; gain = 91.090
INFO: [Route 35-57] Estimated Timing Summary | WNS=3.75   | TNS=0      | WHS=N/A    | THS=N/A    |


Phase 4.1.3 collectNewHoldAndFix
Phase 4.1.3 collectNewHoldAndFix | Checksum: 19d98f0c4

Time (s): cpu = 00:00:32 ; elapsed = 00:00:16 . Memory (MB): peak = 973.691 ; gain = 91.090
Phase 4.1 Global Iteration 0 | Checksum: 19d98f0c4

Time (s): cpu = 00:00:32 ; elapsed = 00:00:16 . Memory (MB): peak = 973.691 ; gain = 91.090

Phase 4.2 Global Iteration 1

Phase 4.2.1 Remove Overlaps
 Number of Nodes with overlaps = 8
 Number of Nodes with overlaps = 0
Phase 4.2.1 Remove Overlaps | Checksum: ae25be12

Time (s): cpu = 00:00:32 ; elapsed = 00:00:16 . Memory (MB): peak = 973.691 ; gain = 91.090

Phase 4.2.2 Update Timing
Phase 4.2.2 Update Timing | Checksum: ae25be12

Time (s): cpu = 00:00:32 ; elapsed = 00:00:16 . Memory (MB): peak = 973.691 ; gain = 91.090
INFO: [Route 35-57] Estimated Timing Summary | WNS=3.75   | TNS=0      | WHS=N/A    | THS=N/A    |


Phase 4.2.3 collectNewHoldAndFix
Phase 4.2.3 collectNewHoldAndFix | Checksum: ae25be12

Time (s): cpu = 00:00:32 ; elapsed = 00:00:16 . Memory (MB): peak = 973.691 ; gain = 91.090
Phase 4.2 Global Iteration 1 | Checksum: ae25be12

Time (s): cpu = 00:00:32 ; elapsed = 00:00:16 . Memory (MB): peak = 973.691 ; gain = 91.090
Phase 4 Rip-up And Reroute | Checksum: ae25be12

Time (s): cpu = 00:00:32 ; elapsed = 00:00:16 . Memory (MB): peak = 973.691 ; gain = 91.090

Phase 5 Delay CleanUp

Phase 5.1 Update Timing
Phase 5.1 Update Timing | Checksum: ae25be12

Time (s): cpu = 00:00:32 ; elapsed = 00:00:16 . Memory (MB): peak = 973.691 ; gain = 91.090
INFO: [Route 35-57] Estimated Timing Summary | WNS=3.87   | TNS=0      | WHS=N/A    | THS=N/A    |

Phase 5 Delay CleanUp | Checksum: ae25be12

Time (s): cpu = 00:00:32 ; elapsed = 00:00:16 . Memory (MB): peak = 973.691 ; gain = 91.090

Phase 6 Post Hold Fix

Phase 6.1 Full Hold Analysis

Phase 6.1.1 Update Timing
Phase 6.1.1 Update Timing | Checksum: ae25be12

Time (s): cpu = 00:00:33 ; elapsed = 00:00:16 . Memory (MB): peak = 973.691 ; gain = 91.090
INFO: [Route 35-57] Estimated Timing Summary | WNS=3.87   | TNS=0      | WHS=0.038  | THS=0      |

Phase 6.1 Full Hold Analysis | Checksum: ae25be12

Time (s): cpu = 00:00:33 ; elapsed = 00:00:16 . Memory (MB): peak = 973.691 ; gain = 91.090
Phase 6 Post Hold Fix | Checksum: ae25be12

Time (s): cpu = 00:00:33 ; elapsed = 00:00:16 . Memory (MB): peak = 973.691 ; gain = 91.090

Router Utilization Summary
  Global Vertical Routing Utilization    = 0.40442 %
  Global Horizontal Routing Utilization  = 0.626149 %
  Routable Net Status*
  *Does not include unroutable nets such as driverless and loadless.
  Run report_route_status for detailed report.
  Number of Failed Nets               = 0
  Number of Unrouted Nets             = 0
  Number of Partially Routed Nets     = 0
  Number of Node Overlaps             = 0


Phase 7 Verifying routed nets

 Verification completed successfully
Phase 7 Verifying routed nets | Checksum: ae25be12

Time (s): cpu = 00:00:33 ; elapsed = 00:00:16 . Memory (MB): peak = 973.691 ; gain = 91.090

Phase 8 Depositing Routes
Phase 8 Depositing Routes | Checksum: 78fb2337

Time (s): cpu = 00:00:33 ; elapsed = 00:00:16 . Memory (MB): peak = 973.691 ; gain = 91.090

Phase 9 Post Router Timing
INFO: [Route 35-20] Post Routing Timing Summary | WNS=3.872  | TNS=0.000  | WHS=0.038  | THS=0.000  |

INFO: [Route 35-61] The design met the timing requirement.
Phase 9 Post Router Timing | Checksum: 78fb2337

Time (s): cpu = 00:00:34 ; elapsed = 00:00:17 . Memory (MB): peak = 973.691 ; gain = 91.090
INFO: [Route 35-16] Router Completed Successfully
Ending Route Task | Checksum: 78fb2337

Time (s): cpu = 00:00:00 ; elapsed = 00:00:17 . Memory (MB): peak = 973.691 ; gain = 91.090

Routing Is Done.

Time (s): cpu = 00:00:00 ; elapsed = 00:00:17 . Memory (MB): peak = 973.691 ; gain = 91.090
INFO: [Common 17-83] Releasing license: Implementation
47 Infos, 0 Warnings, 0 Critical Warnings and 0 Errors encountered.
route_design completed successfully
route_design: Time (s): cpu = 00:00:35 ; elapsed = 00:00:17 . Memory (MB): peak = 973.691 ; gain = 95.301
INFO: [Drc 23-27] Running DRC with 2 threads
INFO: [Coretcl 2-168] The results of DRC are in file C:/xup/embedded/labs/lab2/lab2.runs/impl_1/system_wrapper_drc_routed.rpt.
Running Vector-less Activity Propagation...

Finished Running Vector-less Activity Propagation
INFO: [Timing 38-91] UpdateTimingParams: Speed grade: -1, Delay Type: min_max, Constraints type: SDC.
INFO: [Timing 38-191] Multithreading enabled for timing update using a maximum of 2 CPUs
Writing XDEF routing.
Writing XDEF routing logical nets.
Writing XDEF routing special nets.
Write XDEF Complete: Time (s): cpu = 00:00:00 ; elapsed = 00:00:00.342 . Memory (MB): peak = 973.691 ; gain = 0.000
Attempting to get a license for feature 'Implementation' and/or device 'xc7z010'
INFO: [Common 17-349] Got license for feature 'Implementation' and/or device 'xc7z010'
Running DRC as a precondition to command write_bitstream
INFO: [Drc 23-27] Running DRC with 2 threads
INFO: [Vivado 12-3199] DRC finished with 0 Errors, 131 Warnings, 1 Advisories
INFO: [Vivado 12-3200] Please refer to the DRC report (report_drc) for more information.
Loading data files...
Loading site data...
Loading route data...
Processing options...
Creating bitmap...
Creating bitstream...
Writing bitstream ./system_wrapper.bit...
INFO: [Vivado 12-1842] Bitgen Completed Successfully.
INFO: [Common 17-83] Releasing license: Implementation
write_bitstream: Time (s): cpu = 00:00:17 ; elapsed = 00:00:17 . Memory (MB): peak = 1239.809 ; gain = 266.117
INFO: [Common 17-206] Exiting Vivado at Mon Feb 03 07:34:10 2014...
